0 info it worked if it ends with ok
1 verbose cli [ '/usr/bin/node', '/usr/bin/npm', 'install', 'package.json' ]
2 info using npm@3.10.10
3 info using node@v6.17.1
4 silly loadCurrentTree Starting
5 silly install loadCurrentTree
6 silly install readLocalPackageData
7 silly fetchPackageMetaData package.json
8 silly fetchOtherPackageData package.json
9 silly cache add args [ 'package.json', null ]
10 verbose cache add spec package.json
11 silly cache add parsed spec Result {
11 silly cache add   raw: 'package.json',
11 silly cache add   scope: null,
11 silly cache add   escapedName: 'package.json',
11 silly cache add   name: null,
11 silly cache add   rawSpec: 'package.json',
11 silly cache add   spec: '/home/centos/node/package.json',
11 silly cache add   type: 'local' }
12 silly addLocalTarball shasum (computed) 6a0f672a9b7d897eb5d402dd02d0c1dbcd9e206b
13 verbose addTmpTarball /home/centos/node/package.json not in flight; adding
14 verbose correctMkdir /home/centos/.npm correctMkdir not in flight; initializing
15 verbose addTmpTarball validating metadata from /home/centos/node/package.json
16 verbose tar unpack /home/centos/node/package.json
17 verbose tar unpacking to /tmp/npm-1403-a3b140ed/unpack-1b8b07f9
18 silly gentlyRm /tmp/npm-1403-a3b140ed/unpack-1b8b07f9 is being purged
19 verbose gentlyRm don't care about contents; nuking /tmp/npm-1403-a3b140ed/unpack-1b8b07f9
20 silly gunzTarPerm modes [ '775', '664' ]
21 error not a package /home/centos/node/package.json
22 error addLocal Could not install /home/centos/node/package.json
23 silly fetchPackageMetaData Error: ENOENT: no such file or directory, open '/tmp/npm-1403-a3b140ed/unpack-1b8b07f9/package.json'
23 silly fetchPackageMetaData     at Error (native)
23 silly fetchPackageMetaData  error for package.json { Error: ENOENT: no such file or directory, open '/tmp/npm-1403-a3b140ed/unpack-1b8b07f9/package.json'
23 silly fetchPackageMetaData     at Error (native)
23 silly fetchPackageMetaData   errno: -2,
23 silly fetchPackageMetaData   code: 'ENOENT',
23 silly fetchPackageMetaData   syscall: 'open',
23 silly fetchPackageMetaData   path: '/tmp/npm-1403-a3b140ed/unpack-1b8b07f9/package.json' }
24 silly rollbackFailedOptional Starting
25 silly rollbackFailedOptional Finishing
26 silly runTopLevelLifecycles Finishing
27 silly install printInstalled
28 verbose stack Error: ENOENT: no such file or directory, open '/tmp/npm-1403-a3b140ed/unpack-1b8b07f9/package.json'
28 verbose stack     at Error (native)
29 verbose cwd /home/centos/node
30 error Linux 3.10.0-1062.12.1.el7.x86_64
31 error argv "/usr/bin/node" "/usr/bin/npm" "install" "package.json"
32 error node v6.17.1
33 error npm  v3.10.10
34 error path /tmp/npm-1403-a3b140ed/unpack-1b8b07f9/package.json
35 error code ENOENT
36 error errno -2
37 error syscall open
38 error enoent ENOENT: no such file or directory, open '/tmp/npm-1403-a3b140ed/unpack-1b8b07f9/package.json'
39 error enoent ENOENT: no such file or directory, open '/tmp/npm-1403-a3b140ed/unpack-1b8b07f9/package.json'
39 error enoent This is most likely not a problem with npm itself
39 error enoent and is related to npm not being able to find a file.
40 verbose exit [ -2, true ]
